==5503== Memcheck, a memory error detector
==5503== Copyright (C) 2002-2017, and GNU GPL'd, by Julian Seward et al.
==5503== Using Valgrind-3.15.0 and LibVEX; rerun with -h for copyright info
==5503== Command: bin/bourse -p 9999
==5503== Parent PID: 5497
==5503== 
==5503== Thread 3:
==5503== Invalid write of size 1
==5503==    at 0x10B100: brs_client_service (server.c:19)
==5503==    by 0x4868608: start_thread (pthread_create.c:477)
==5503==    by 0x49A2132: clone (clone.S:95)
==5503==  Address 0x4a7ac88 is 0 bytes after a block of size 8 alloc'd
==5503==    at 0x483B7F3: malloc (in /usr/lib/x86_64-linux-gnu/valgrind/vgpreload_memcheck-amd64-linux.so)
==5503==    by 0x10FD50: proto_recv_packet (protocol.c:48)
==5503==    by 0x10B533: brs_client_service (server.c:17)
==5503==    by 0x4868608: start_thread (pthread_create.c:477)
==5503==    by 0x49A2132: clone (clone.S:95)
==5503== 
==5503== Invalid read of size 1
==5503==    at 0x483EF54: strlen (in /usr/lib/x86_64-linux-gnu/valgrind/vgpreload_memcheck-amd64-linux.so)
==5503==    by 0x48FBD14: __vfprintf_internal (vfprintf-internal.c:1688)
==5503==    by 0x490EF99: __vsnprintf_internal (vsnprintf.c:114)
==5503==    by 0x48E4DF5: snprintf (snprintf.c:31)
==5503==    by 0x11023D: trader_login (in /home/student/shiwen/hw5/bin/bourse)
==5503==    by 0x10B113: brs_client_service (server.c:20)
==5503==    by 0x4868608: start_thread (pthread_create.c:477)
==5503==    by 0x49A2132: clone (clone.S:95)
==5503==  Address 0x4a7ac88 is 0 bytes after a block of size 8 alloc'd
==5503==    at 0x483B7F3: malloc (in /usr/lib/x86_64-linux-gnu/valgrind/vgpreload_memcheck-amd64-linux.so)
==5503==    by 0x10FD50: proto_recv_packet (protocol.c:48)
==5503==    by 0x10B533: brs_client_service (server.c:17)
==5503==    by 0x4868608: start_thread (pthread_create.c:477)
==5503==    by 0x49A2132: clone (clone.S:95)
==5503== 
==5503== Invalid read of size 1
==5503==    at 0x483EF54: strlen (in /usr/lib/x86_64-linux-gnu/valgrind/vgpreload_memcheck-amd64-linux.so)
==5503==    by 0x4922382: strdup (strdup.c:41)
==5503==    by 0x11035D: trader_login (in /home/student/shiwen/hw5/bin/bourse)
==5503==    by 0x10B113: brs_client_service (server.c:20)
==5503==    by 0x4868608: start_thread (pthread_create.c:477)
==5503==    by 0x49A2132: clone (clone.S:95)
==5503==  Address 0x4a7ac88 is 0 bytes after a block of size 8 alloc'd
==5503==    at 0x483B7F3: malloc (in /usr/lib/x86_64-linux-gnu/valgrind/vgpreload_memcheck-amd64-linux.so)
==5503==    by 0x10FD50: proto_recv_packet (protocol.c:48)
==5503==    by 0x10B533: brs_client_service (server.c:17)
==5503==    by 0x4868608: start_thread (pthread_create.c:477)
==5503==    by 0x49A2132: clone (clone.S:95)
==5503== 
==5503== Invalid read of size 1
==5503==    at 0x4842B60: memmove (in /usr/lib/x86_64-linux-gnu/valgrind/vgpreload_memcheck-amd64-linux.so)
==5503==    by 0x11035D: trader_login (in /home/student/shiwen/hw5/bin/bourse)
==5503==    by 0x10B113: brs_client_service (server.c:20)
==5503==    by 0x4868608: start_thread (pthread_create.c:477)
==5503==    by 0x49A2132: clone (clone.S:95)
==5503==  Address 0x4a7ac88 is 0 bytes after a block of size 8 alloc'd
==5503==    at 0x483B7F3: malloc (in /usr/lib/x86_64-linux-gnu/valgrind/vgpreload_memcheck-amd64-linux.so)
==5503==    by 0x10FD50: proto_recv_packet (protocol.c:48)
==5503==    by 0x10B533: brs_client_service (server.c:17)
==5503==    by 0x4868608: start_thread (pthread_create.c:477)
==5503==    by 0x49A2132: clone (clone.S:95)
==5503== 
==5503== Invalid read of size 1
==5503==    at 0x483FED4: strcmp (in /usr/lib/x86_64-linux-gnu/valgrind/vgpreload_memcheck-amd64-linux.so)
==5503==    by 0x10F6B1: account_lookup (account.c:51)
==5503==    by 0x11026D: trader_login (in /home/student/shiwen/hw5/bin/bourse)
==5503==    by 0x10B113: brs_client_service (server.c:20)
==5503==    by 0x4868608: start_thread (pthread_create.c:477)
==5503==    by 0x49A2132: clone (clone.S:95)
==5503==  Address 0x4a7ac80 is 0 bytes inside a block of size 8 free'd
==5503==    at 0x483CA3F: free (in /usr/lib/x86_64-linux-gnu/valgrind/vgpreload_memcheck-amd64-linux.so)
==5503==    by 0x10B516: brs_client_service (server.c:127)
==5503==    by 0x4868608: start_thread (pthread_create.c:477)
==5503==    by 0x49A2132: clone (clone.S:95)
==5503==  Block was alloc'd at
==5503==    at 0x483B7F3: malloc (in /usr/lib/x86_64-linux-gnu/valgrind/vgpreload_memcheck-amd64-linux.so)
==5503==    by 0x10FD50: proto_recv_packet (protocol.c:48)
==5503==    by 0x10B533: brs_client_service (server.c:17)
==5503==    by 0x4868608: start_thread (pthread_create.c:477)
==5503==    by 0x49A2132: clone (clone.S:95)
==5503== 
==5503== Invalid read of size 1
==5503==    at 0x483FEE8: strcmp (in /usr/lib/x86_64-linux-gnu/valgrind/vgpreload_memcheck-amd64-linux.so)
==5503==    by 0x10F6B1: account_lookup (account.c:51)
==5503==    by 0x11026D: trader_login (in /home/student/shiwen/hw5/bin/bourse)
==5503==    by 0x10B113: brs_client_service (server.c:20)
==5503==    by 0x4868608: start_thread (pthread_create.c:477)
==5503==    by 0x49A2132: clone (clone.S:95)
==5503==  Address 0x4a7ac81 is 1 bytes inside a block of size 8 free'd
==5503==    at 0x483CA3F: free (in /usr/lib/x86_64-linux-gnu/valgrind/vgpreload_memcheck-amd64-linux.so)
==5503==    by 0x10B516: brs_client_service (server.c:127)
==5503==    by 0x4868608: start_thread (pthread_create.c:477)
==5503==    by 0x49A2132: clone (clone.S:95)
==5503==  Block was alloc'd at
==5503==    at 0x483B7F3: malloc (in /usr/lib/x86_64-linux-gnu/valgrind/vgpreload_memcheck-amd64-linux.so)
==5503==    by 0x10FD50: proto_recv_packet (protocol.c:48)
==5503==    by 0x10B533: brs_client_service (server.c:17)
==5503==    by 0x4868608: start_thread (pthread_create.c:477)
==5503==    by 0x49A2132: clone (clone.S:95)
==5503== 
==5503== 
==5503== FILE DESCRIPTORS: 13 open at exit.
==5503== Open AF_INET socket 10: 127.0.0.1:9999 <-> 127.0.0.1:37814
==5503==    at 0x48734FF: accept (accept.c:26)
==5503==    by 0x10E3A8: Accept (csapp.c:585)
==5503==    by 0x10AF33: main (main.c:80)
==5503== 
==5503== Open AF_INET socket 9: 127.0.0.1:9999 <-> 127.0.0.1:37804
==5503==    at 0x48734FF: accept (accept.c:26)
==5503==    by 0x10E3A8: Accept (csapp.c:585)
==5503==    by 0x10AF33: main (main.c:80)
==5503== 
==5503== Open AF_INET socket 8: 127.0.0.1:9999 <-> 127.0.0.1:57486
==5503==    at 0x48734FF: accept (accept.c:26)
==5503==    by 0x10E3A8: Accept (csapp.c:585)
==5503==    by 0x10AF33: main (main.c:80)
==5503== 
==5503== Open AF_INET socket 7: 127.0.0.1:9999 <-> 127.0.0.1:57470
==5503==    at 0x48734FF: accept (accept.c:26)
==5503==    by 0x10E3A8: Accept (csapp.c:585)
==5503==    by 0x10AF33: main (main.c:80)
==5503== 
==5503== Open AF_INET socket 6: 127.0.0.1:9999 <-> 127.0.0.1:57466
==5503==    at 0x48734FF: accept (accept.c:26)
==5503==    by 0x10E3A8: Accept (csapp.c:585)
==5503==    by 0x10AF33: main (main.c:80)
==5503== 
==5503== Open AF_INET socket 5: 0.0.0.0:9999 <-> unbound
==5503==    at 0x49A37AB: socket (syscall-template.S:78)
==5503==    by 0x10EF50: open_listenfd (csapp.c:1015)
==5503==    by 0x10F0AE: Open_listenfd (csapp.c:1062)
==5503==    by 0x10AEF4: main (main.c:76)
==5503== 
==5503== Open file descriptor 14: /dev/shm/bxf_arena_5388 (deleted)
==5503==    <inherited from parent>
==5503== 
==5503== Open file descriptor 12: /dev/shm/bxf_arena_5388 (deleted)
==5503==    <inherited from parent>
==5503== 
==5503== Open file descriptor 4:
==5503==    <inherited from parent>
==5503== 
==5503== Open file descriptor 3: /home/student/shiwen/hw5/valgrind.out
==5503==    <inherited from parent>
==5503== 
==5503== Open file descriptor 2: /dev/pts/0
==5503==    <inherited from parent>
==5503== 
==5503== Open file descriptor 1: /dev/pts/0
==5503==    <inherited from parent>
==5503== 
==5503== Open file descriptor 0:
==5503==    <inherited from parent>
==5503== 
==5503== 
==5503== HEAP SUMMARY:
==5503==     in use at exit: 916 bytes in 4 blocks
==5503==   total heap usage: 51 allocs, 47 frees, 10,660 bytes allocated
==5503== 
==5503== Thread 1:
==5503== 272 bytes in 1 blocks are possibly lost in loss record 3 of 4
==5503==    at 0x483DD99: calloc (in /usr/lib/x86_64-linux-gnu/valgrind/vgpreload_memcheck-amd64-linux.so)
==5503==    by 0x40149DA: allocate_dtv (dl-tls.c:286)
==5503==    by 0x40149DA: _dl_allocate_tls (dl-tls.c:532)
==5503==    by 0x4869322: allocate_stack (allocatestack.c:622)
==5503==    by 0x4869322: pthread_create@@GLIBC_2.2.5 (pthread_create.c:660)
==5503==    by 0x10E63D: Pthread_create (csapp.c:680)
==5503==    by 0x10C851: exchange_init (exchange.c:259)
==5503==    by 0x10AE8E: main (main.c:55)
==5503== 
==5503== LEAK SUMMARY:
==5503==    definitely lost: 0 bytes in 0 blocks
==5503==    indirectly lost: 0 bytes in 0 blocks
==5503==      possibly lost: 272 bytes in 1 blocks
==5503==    still reachable: 644 bytes in 3 blocks
==5503==         suppressed: 0 bytes in 0 blocks
==5503== Reachable blocks (those to which a pointer was found) are not shown.
==5503== To see them, rerun with: --leak-check=full --show-leak-kinds=all
==5503== 
==5503== For lists of detected and suppressed errors, rerun with: -s
==5503== ERROR SUMMARY: 44 errors from 7 contexts (suppressed: 0 from 0)
